<?xml version="1.0" encoding="UTF-8"?>
<robot generator="Robot 6.1.1 (Python 3.11.0 on win32)" generated="20260221 20:36:00.452" rpa="false" schemaversion="4">
<suite id="s1" name="Api Tests" source="C:\Users\KIIT\OneDrive\Desktop\Wipro_NGA\Labs\Practice_project\api_tests.robot">
<kw name="Setup Suite" type="SETUP">
<kw name="Create Session" library="RequestsLibrary">
<arg>foodie</arg>
<arg>http://localhost:5000/api/v1</arg>
<doc>Create Session: create a HTTP session to a server</doc>
<msg timestamp="20260221 20:36:00.578" level="INFO">Creating Session using : alias=foodie, url=http://localhost:5000/api/v1, headers={},                     cookies={}, auth=None, timeout=None, proxies=None, verify=False,                     debug=0 </msg>
<status status="PASS" starttime="20260221 20:36:00.578" endtime="20260221 20:36:00.578"/>
</kw>
<kw name="Run Keyword And Ignore Error" library="BuiltIn">
<arg>POST On Session</arg>
<arg>foodie</arg>
<arg>/admin/reset</arg>
<doc>Runs the given keyword with the given arguments and ignores possible error.</doc>
<kw name="POST On Session" library="RequestsLibrary">
<arg>foodie</arg>
<arg>/admin/reset</arg>
<doc>Sends a POST request on a previously created HTTP Session.</doc>
<msg timestamp="20260221 20:36:02.618" level="INFO">POST Request : url=http://localhost:5000/api/v1/admin/reset 
 path_url=/api/v1/admin/reset 
 headers={'User-Agent': 'python-requests/2.31.0', 'Accept-Encoding': 'gzip, deflate', 'Accept': '*/*', 'Connection': 'keep-alive', 'Content-Length': '0'} 
 body=None 
 </msg>
<msg timestamp="20260221 20:36:02.618" level="INFO">POST Response : url=http://localhost:5000/api/v1/admin/reset 
 status=200, reason=OK 
 headers={'Server': 'Werkzeug/3.1.3 Python/3.13.9', 'Date': 'Sat, 21 Feb 2026 15:06:02 GMT', 'Content-Type': 'application/json', 'Content-Length': '30', 'Connection': 'close'} 
 body={
  "message": "Data reset"
}
 
 </msg>
<status status="PASS" starttime="20260221 20:36:00.579" endtime="20260221 20:36:02.618"/>
</kw>
<status status="PASS" starttime="20260221 20:36:00.578" endtime="20260221 20:36:02.618"/>
</kw>
<kw name="Evaluate" library="BuiltIn">
<var>${rand}</var>
<arg>__import__('uuid').uuid4().hex[:6]</arg>
<doc>Evaluates the given expression in Python and returns the result.</doc>
<msg timestamp="20260221 20:36:02.621" level="INFO">${rand} = 29a428</msg>
<status status="PASS" starttime="20260221 20:36:02.618" endtime="20260221 20:36:02.621"/>
</kw>
<kw name="Set Suite Variable" library="BuiltIn">
<arg>${RAND}</arg>
<doc>Makes a variable available everywhere within the scope of the current suite.</doc>
<msg timestamp="20260221 20:36:02.622" level="INFO">${RAND} = 29a428</msg>
<status status="PASS" starttime="20260221 20:36:02.621" endtime="20260221 20:36:02.622"/>
</kw>
<kw name="Create Dictionary" library="BuiltIn">
<var>&amp;{USER_DATA}</var>
<arg>name=John Doe</arg>
<arg>email=john_robot_${RAND}@example.com</arg>
<arg>password=secret123</arg>
<doc>Creates and returns a dictionary based on the given ``items``.</doc>
<msg timestamp="20260221 20:36:02.622" level="INFO">&amp;{USER_DATA} = { name=John Doe | email=john_robot_29a428@example.com | password=secret123 }</msg>
<status status="PASS" starttime="20260221 20:36:02.622" endtime="20260221 20:36:02.622"/>
</kw>
<kw name="Set Suite Variable" library="BuiltIn">
<arg>&amp;{USER_DATA}</arg>
<doc>Makes a variable available everywhere within the scope of the current suite.</doc>
<msg timestamp="20260221 20:36:02.622" level="INFO">&amp;{USER_DATA} = { name=John Doe | email=john_robot_29a428@example.com | password=secret123 }</msg>
<status status="PASS" starttime="20260221 20:36:02.622" endtime="20260221 20:36:02.622"/>
</kw>
<status status="PASS" starttime="20260221 20:36:00.578" endtime="20260221 20:36:02.622"/>
</kw>
<test id="s1-t1" name="Register New Restaurant Successfully" line="29">
<kw name="POST On Session" library="RequestsLibrary">
<var>${response}</var>
<arg>foodie</arg>
<arg>/restaurants</arg>
<arg>json=${RESTAURANT_DATA}</arg>
<doc>Sends a POST request on a previously created HTTP Session.</doc>
<msg timestamp="20260221 20:36:04.676" level="INFO">POST Request : url=http://localhost:5000/api/v1/restaurants 
 path_url=/api/v1/restaurants 
 headers={'User-Agent': 'python-requests/2.31.0', 'Accept-Encoding': 'gzip, deflate', 'Accept': '*/*', 'Connection': 'keep-alive', 'Content-Length': '101', 'Content-Type': 'application/json'} 
 body=b'{"name": "Spice Garden", "category": "Indian", "location": "North", "images": [], "contact": "98765"}' 
 </msg>
<msg timestamp="20260221 20:36:04.676" level="INFO">POST Response : url=http://localhost:5000/api/v1/restaurants 
 status=201, reason=CREATED 
 headers={'Server': 'Werkzeug/3.1.3 Python/3.13.9', 'Date': 'Sat, 21 Feb 2026 15:06:04 GMT', 'Content-Type': 'application/json', 'Content-Length': '165', 'Connection': 'close'} 
 body={
  "approved": false,
  "category": "Indian",
  "contact": "98765",
  "enabled": true,
  "id": 1,
  "images": [],
  "location": "North",
  "name": "Spice Garden"
}
 
 </msg>
<msg timestamp="20260221 20:36:04.676" level="INFO">${response} = &lt;Response [201]&gt;</msg>
<status status="PASS" starttime="20260221 20:36:02.623" endtime="20260221 20:36:04.676"/>
</kw>
<kw name="Status Should Be" library="RequestsLibrary">
<arg>201</arg>
<arg>${response}</arg>
<doc>Fails if response status code is different than the expected.</doc>
<status status="PASS" starttime="20260221 20:36:04.677" endtime="20260221 20:36:04.678"/>
</kw>
<kw name="Set Variable" library="BuiltIn">
<var>${json}</var>
<arg>${response.json()}</arg>
<doc>Returns the given values which can then be assigned to a variables.</doc>
<msg timestamp="20260221 20:36:04.679" level="INFO">${json} = {'approved': False, 'category': 'Indian', 'contact': '98765', 'enabled': True, 'id': 1, 'images': [], 'location': 'North', 'name': 'Spice Garden'}</msg>
<status status="PASS" starttime="20260221 20:36:04.678" endtime="20260221 20:36:04.679"/>
</kw>
<kw name="Set Suite Variable" library="BuiltIn">
<arg>${NEW_RES_ID}</arg>
<arg>${json['id']}</arg>
<doc>Makes a variable available everywhere within the scope of the current suite.</doc>
<msg timestamp="20260221 20:36:04.680" level="INFO">${NEW_RES_ID} = 1</msg>
<status status="PASS" starttime="20260221 20:36:04.679" endtime="20260221 20:36:04.680"/>
</kw>
<status status="PASS" starttime="20260221 20:36:02.622" endtime="20260221 20:36:04.681"/>
</test>
<test id="s1-t2" name="Update Restaurant Details" line="35">
<kw name="Create Dictionary" library="BuiltIn">
<var>${update_data}</var>
<arg>location=South</arg>
<doc>Creates and returns a dictionary based on the given ``items``.</doc>
<msg timestamp="20260221 20:36:04.682" level="INFO">${update_data} = {'location': 'South'}</msg>
<status status="PASS" starttime="20260221 20:36:04.682" endtime="20260221 20:36:04.682"/>
</kw>
<kw name="PUT On Session" library="RequestsLibrary">
<var>${response}</var>
<arg>foodie</arg>
<arg>/restaurants/${NEW_RES_ID}</arg>
<arg>json=${update_data}</arg>
<doc>Sends a PUT request on a previously created HTTP Session.</doc>
<msg timestamp="20260221 20:36:06.709" level="INFO">PUT Request : url=http://localhost:5000/api/v1/restaurants/1 
 path_url=/api/v1/restaurants/1 
 headers={'User-Agent': 'python-requests/2.31.0', 'Accept-Encoding': 'gzip, deflate', 'Accept': '*/*', 'Connection': 'keep-alive', 'Content-Length': '21', 'Content-Type': 'application/json'} 
 body=b'{"location": "South"}' 
 </msg>
<msg timestamp="20260221 20:36:06.709" level="INFO">PUT Response : url=http://localhost:5000/api/v1/restaurants/1 
 status=200, reason=OK 
 headers={'Server': 'Werkzeug/3.1.3 Python/3.13.9', 'Date': 'Sat, 21 Feb 2026 15:06:06 GMT', 'Content-Type': 'application/json', 'Content-Length': '165', 'Connection': 'close'} 
 body={
  "approved": false,
  "category": "Indian",
  "contact": "98765",
  "enabled": true,
  "id": 1,
  "images": [],
  "location": "South",
  "name": "Spice Garden"
}
 
 </msg>
<msg timestamp="20260221 20:36:06.709" level="INFO">${response} = &lt;Response [200]&gt;</msg>
<status status="PASS" starttime="20260221 20:36:04.682" endtime="20260221 20:36:06.709"/>
</kw>
<kw name="Status Should Be" library="RequestsLibrary">
<arg>200</arg>
<arg>${response}</arg>
<doc>Fails if response status code is different than the expected.</doc>
<status status="PASS" starttime="20260221 20:36:06.709" endtime="20260221 20:36:06.710"/>
</kw>
<kw name="Should Be Equal As Strings" library="BuiltIn">
<arg>${response.json()['location']}</arg>
<arg>South</arg>
<doc>Fails if objects are unequal after converting them to strings.</doc>
<status status="PASS" starttime="20260221 20:36:06.710" endtime="20260221 20:36:06.711"/>
</kw>
<status status="PASS" starttime="20260221 20:36:04.681" endtime="20260221 20:36:06.711"/>
</test>
<test id="s1-t3" name="Approve Restaurant Via Admin" line="41">
<kw name="PUT On Session" library="RequestsLibrary">
<var>${response}</var>
<arg>foodie</arg>
<arg>/admin/restaurants/${NEW_RES_ID}/approve</arg>
<doc>Sends a PUT request on a previously created HTTP Session.</doc>
<msg timestamp="20260221 20:36:08.759" level="INFO">PUT Request : url=http://localhost:5000/api/v1/admin/restaurants/1/approve 
 path_url=/api/v1/admin/restaurants/1/approve 
 headers={'User-Agent': 'python-requests/2.31.0', 'Accept-Encoding': 'gzip, deflate', 'Accept': '*/*', 'Connection': 'keep-alive', 'Content-Length': '0'} 
 body=None 
 </msg>
<msg timestamp="20260221 20:36:08.760" level="INFO">PUT Response : url=http://localhost:5000/api/v1/admin/restaurants/1/approve 
 status=200, reason=OK 
 headers={'Server': 'Werkzeug/3.1.3 Python/3.13.9', 'Date': 'Sat, 21 Feb 2026 15:06:08 GMT', 'Content-Type': 'application/json', 'Content-Length': '39', 'Connection': 'close'} 
 body={
  "message": "Restaurant approved"
}
 
 </msg>
<msg timestamp="20260221 20:36:08.760" level="INFO">${response} = &lt;Response [200]&gt;</msg>
<status status="PASS" starttime="20260221 20:36:06.713" endtime="20260221 20:36:08.760"/>
</kw>
<kw name="Status Should Be" library="RequestsLibrary">
<arg>200</arg>
<arg>${response}</arg>
<doc>Fails if response status code is different than the expected.</doc>
<status status="PASS" starttime="20260221 20:36:08.760" endtime="20260221 20:36:08.760"/>
</kw>
<kw name="Should Be Equal As Strings" library="BuiltIn">
<arg>${response.json()['message']}</arg>
<arg>Restaurant approved</arg>
<doc>Fails if objects are unequal after converting them to strings.</doc>
<status status="PASS" starttime="20260221 20:36:08.761" endtime="20260221 20:36:08.761"/>
</kw>
<status status="PASS" starttime="20260221 20:36:06.712" endtime="20260221 20:36:08.761"/>
</test>
<test id="s1-t4" name="Add Dish To Restaurant" line="48">
<kw name="POST On Session" library="RequestsLibrary">
<var>${response}</var>
<arg>foodie</arg>
<arg>/restaurants/${NEW_RES_ID}/dishes</arg>
<arg>json=${DISH_DATA}</arg>
<doc>Sends a POST request on a previously created HTTP Session.</doc>
<msg timestamp="20260221 20:36:10.800" level="INFO">POST Request : url=http://localhost:5000/api/v1/restaurants/1/dishes 
 path_url=/api/v1/restaurants/1/dishes 
 headers={'User-Agent': 'python-requests/2.31.0', 'Accept-Encoding': 'gzip, deflate', 'Accept': '*/*', 'Connection': 'keep-alive', 'Content-Length': '108', 'Content-Type': 'application/json'} 
 body=b'{"name": "Paneer Tikka", "type": "Veg", "price": "15.0", "available_time": "All Day", "image": "paneer.jpg"}' 
 </msg>
<msg timestamp="20260221 20:36:10.800" level="INFO">POST Response : url=http://localhost:5000/api/v1/restaurants/1/dishes 
 status=201, reason=CREATED 
 headers={'Server': 'Werkzeug/3.1.3 Python/3.13.9', 'Date': 'Sat, 21 Feb 2026 15:06:10 GMT', 'Content-Type': 'application/json', 'Content-Length': '173', 'Connection': 'close'} 
 body={
  "available_time": "All Day",
  "enabled": true,
  "id": 1,
  "image": "paneer.jpg",
  "name": "Paneer Tikka",
  "price": "15.0",
  "restaurant_id": 1,
  "type": "Veg"
}
 
 </msg>
<msg timestamp="20260221 20:36:10.800" level="INFO">${response} = &lt;Response [201]&gt;</msg>
<status status="PASS" starttime="20260221 20:36:08.762" endtime="20260221 20:36:10.800"/>
</kw>
<kw name="Status Should Be" library="RequestsLibrary">
<arg>201</arg>
<arg>${response}</arg>
<doc>Fails if response status code is different than the expected.</doc>
<status status="PASS" starttime="20260221 20:36:10.801" endtime="20260221 20:36:10.801"/>
</kw>
<kw name="Set Suite Variable" library="BuiltIn">
<arg>${NEW_DISH_ID}</arg>
<arg>${response.json()['id']}</arg>
<doc>Makes a variable available everywhere within the scope of the current suite.</doc>
<msg timestamp="20260221 20:36:10.802" level="INFO">${NEW_DISH_ID} = 1</msg>
<status status="PASS" starttime="20260221 20:36:10.802" endtime="20260221 20:36:10.802"/>
</kw>
<status status="PASS" starttime="20260221 20:36:08.762" endtime="20260221 20:36:10.803"/>
</test>
<test id="s1-t5" name="Update Dish Status" line="53">
<kw name="Create Dictionary" library="BuiltIn">
<var>${status}</var>
<arg>enabled=${FALSE}</arg>
<doc>Creates and returns a dictionary based on the given ``items``.</doc>
<msg timestamp="20260221 20:36:10.804" level="INFO">${status} = {'enabled': False}</msg>
<status status="PASS" starttime="20260221 20:36:10.804" endtime="20260221 20:36:10.804"/>
</kw>
<kw name="PUT On Session" library="RequestsLibrary">
<var>${response}</var>
<arg>foodie</arg>
<arg>/dishes/${NEW_DISH_ID}/status</arg>
<arg>json=${status}</arg>
<doc>Sends a PUT request on a previously created HTTP Session.</doc>
<msg timestamp="20260221 20:36:12.860" level="INFO">PUT Request : url=http://localhost:5000/api/v1/dishes/1/status 
 path_url=/api/v1/dishes/1/status 
 headers={'User-Agent': 'python-requests/2.31.0', 'Accept-Encoding': 'gzip, deflate', 'Accept': '*/*', 'Connection': 'keep-alive', 'Content-Length': '18', 'Content-Type': 'application/json'} 
 body=b'{"enabled": false}' 
 </msg>
<msg timestamp="20260221 20:36:12.860" level="INFO">PUT Response : url=http://localhost:5000/api/v1/dishes/1/status 
 status=200, reason=OK 
 headers={'Server': 'Werkzeug/3.1.3 Python/3.13.9', 'Date': 'Sat, 21 Feb 2026 15:06:12 GMT', 'Content-Type': 'application/json', 'Content-Length': '39', 'Connection': 'close'} 
 body={
  "message": "Dish status updated"
}
 
 </msg>
<msg timestamp="20260221 20:36:12.860" level="INFO">${response} = &lt;Response [200]&gt;</msg>
<status status="PASS" starttime="20260221 20:36:10.804" endtime="20260221 20:36:12.860"/>
</kw>
<kw name="Status Should Be" library="RequestsLibrary">
<arg>200</arg>
<arg>${response}</arg>
<doc>Fails if response status code is different than the expected.</doc>
<status status="PASS" starttime="20260221 20:36:12.861" endtime="20260221 20:36:12.861"/>
</kw>
<status status="PASS" starttime="20260221 20:36:10.804" endtime="20260221 20:36:12.862"/>
</test>
<test id="s1-t6" name="Register New User" line="60">
<kw name="POST On Session" library="RequestsLibrary">
<var>${response}</var>
<arg>foodie</arg>
<arg>/users/register</arg>
<arg>json=${USER_DATA}</arg>
<doc>Sends a POST request on a previously created HTTP Session.</doc>
<msg timestamp="20260221 20:36:14.908" level="INFO">POST Request : url=http://localhost:5000/api/v1/users/register 
 path_url=/api/v1/users/register 
 headers={'User-Agent': 'python-requests/2.31.0', 'Accept-Encoding': 'gzip, deflate', 'Accept': '*/*', 'Connection': 'keep-alive', 'Content-Length': '87', 'Content-Type': 'application/json'} 
 body=b'{"name": "John Doe", "email": "john_robot_29a428@example.com", "password": "secret123"}' 
 </msg>
<msg timestamp="20260221 20:36:14.908" level="INFO">POST Response : url=http://localhost:5000/api/v1/users/register 
 status=201, reason=CREATED 
 headers={'Server': 'Werkzeug/3.1.3 Python/3.13.9', 'Date': 'Sat, 21 Feb 2026 15:06:14 GMT', 'Content-Type': 'application/json', 'Content-Length': '107', 'Connection': 'close'} 
 body={
  "email": "john_robot_29a428@example.com",
  "id": 1,
  "name": "John Doe",
  "password": "secret123"
}
 
 </msg>
<msg timestamp="20260221 20:36:14.908" level="INFO">${response} = &lt;Response [201]&gt;</msg>
<status status="PASS" starttime="20260221 20:36:12.863" endtime="20260221 20:36:14.908"/>
</kw>
<kw name="Status Should Be" library="RequestsLibrary">
<arg>201</arg>
<arg>${response}</arg>
<doc>Fails if response status code is different than the expected.</doc>
<status status="PASS" starttime="20260221 20:36:14.910" endtime="20260221 20:36:14.910"/>
</kw>
<kw name="Set Suite Variable" library="BuiltIn">
<arg>${USER_ID}</arg>
<arg>${response.json()['id']}</arg>
<doc>Makes a variable available everywhere within the scope of the current suite.</doc>
<msg timestamp="20260221 20:36:14.912" level="INFO">${USER_ID} = 1</msg>
<status status="PASS" starttime="20260221 20:36:14.911" endtime="20260221 20:36:14.912"/>
</kw>
<status status="PASS" starttime="20260221 20:36:12.863" endtime="20260221 20:36:14.912"/>
</test>
<test id="s1-t7" name="Search For Restaurant By Name" line="65">
<kw name="Create Dictionary" library="BuiltIn">
<var>${params}</var>
<arg>name=Spice</arg>
<arg>location=South</arg>
<doc>Creates and returns a dictionary based on the given ``items``.</doc>
<msg timestamp="20260221 20:36:14.914" level="INFO">${params} = {'name': 'Spice', 'location': 'South'}</msg>
<status status="PASS" starttime="20260221 20:36:14.914" endtime="20260221 20:36:14.914"/>
</kw>
<kw name="GET On Session" library="RequestsLibrary">
<var>${response}</var>
<arg>foodie</arg>
<arg>/restaurants/search</arg>
<arg>params=${params}</arg>
<doc>Sends a GET request on a previously created HTTP Session.</doc>
<msg timestamp="20260221 20:36:16.956" level="INFO">GET Request : url=http://localhost:5000/api/v1/restaurants/search?name=Spice&amp;location=South 
 path_url=/api/v1/restaurants/search?name=Spice&amp;location=South 
 headers={'User-Agent': 'python-requests/2.31.0', 'Accept-Encoding': 'gzip, deflate', 'Accept': '*/*', 'Connection': 'keep-alive'} 
 body=None 
 </msg>
<msg timestamp="20260221 20:36:16.956" level="INFO">GET Response : url=http://localhost:5000/api/v1/restaurants/search?name=Spice&amp;location=South 
 status=200, reason=OK 
 headers={'Server': 'Werkzeug/3.1.3 Python/3.13.9', 'Date': 'Sat, 21 Feb 2026 15:06:16 GMT', 'Content-Type': 'application/json', 'Content-Length': '188', 'Connection': 'close'} 
 body=[
  {
    "approved": true,
    "category": "Indian",
    "contact": "98765",
    "enabled": true,
    "id": 1,
    "images": [],
    "location": "South",
    "name": "Spice Garden"
  }
]
 
 </msg>
<msg timestamp="20260221 20:36:16.956" level="INFO">${response} = &lt;Response [200]&gt;</msg>
<status status="PASS" starttime="20260221 20:36:14.915" endtime="20260221 20:36:16.956"/>
</kw>
<kw name="Status Should Be" library="RequestsLibrary">
<arg>200</arg>
<arg>${response}</arg>
<doc>Fails if response status code is different than the expected.</doc>
<status status="PASS" starttime="20260221 20:36:16.956" endtime="20260221 20:36:16.957"/>
</kw>
<kw name="Should Not Be Empty" library="BuiltIn">
<arg>${response.json()}</arg>
<doc>Verifies that the given item is not empty.</doc>
<msg timestamp="20260221 20:36:16.958" level="INFO">Length is 1</msg>
<status status="PASS" starttime="20260221 20:36:16.957" endtime="20260221 20:36:16.958"/>
</kw>
<status status="PASS" starttime="20260221 20:36:14.913" endtime="20260221 20:36:16.958"/>
</test>
<test id="s1-t8" name="Place An Order" line="73">
<kw name="Create List" library="BuiltIn">
<var>${dishes_list}</var>
<arg>${NEW_DISH_ID}</arg>
<doc>Returns a list containing given items.</doc>
<msg timestamp="20260221 20:36:16.959" level="INFO">${dishes_list} = [1]</msg>
<status status="PASS" starttime="20260221 20:36:16.959" endtime="20260221 20:36:16.959"/>
</kw>
<kw name="Create Dictionary" library="BuiltIn">
<var>${order_payload}</var>
<arg>user_id=${USER_ID}</arg>
<arg>restaurant_id=${NEW_RES_ID}</arg>
<arg>dishes=${dishes_list}</arg>
<doc>Creates and returns a dictionary based on the given ``items``.</doc>
<msg timestamp="20260221 20:36:16.960" level="INFO">${order_payload} = {'user_id': 1, 'restaurant_id': 1, 'dishes': [1]}</msg>
<status status="PASS" starttime="20260221 20:36:16.959" endtime="20260221 20:36:16.960"/>
</kw>
<kw name="POST On Session" library="RequestsLibrary">
<var>${response}</var>
<arg>foodie</arg>
<arg>/orders</arg>
<arg>json=${order_payload}</arg>
<doc>Sends a POST request on a previously created HTTP Session.</doc>
<msg timestamp="20260221 20:36:18.990" level="INFO">POST Request : url=http://localhost:5000/api/v1/orders 
 path_url=/api/v1/orders 
 headers={'User-Agent': 'python-requests/2.31.0', 'Accept-Encoding': 'gzip, deflate', 'Accept': '*/*', 'Connection': 'keep-alive', 'Content-Length': '49', 'Content-Type': 'application/json'} 
 body=b'{"user_id": 1, "restaurant_id": 1, "dishes": [1]}' 
 </msg>
<msg timestamp="20260221 20:36:18.990" level="INFO">POST Response : url=http://localhost:5000/api/v1/orders 
 status=201, reason=CREATED 
 headers={'Server': 'Werkzeug/3.1.3 Python/3.13.9', 'Date': 'Sat, 21 Feb 2026 15:06:18 GMT', 'Content-Type': 'application/json', 'Content-Length': '99', 'Connection': 'close'} 
 body={
  "dishes": [
    1
  ],
  "id": 1,
  "restaurant_id": 1,
  "status": "Placed",
  "user_id": 1
}
 
 </msg>
<msg timestamp="20260221 20:36:18.991" level="INFO">${response} = &lt;Response [201]&gt;</msg>
<status status="PASS" starttime="20260221 20:36:16.960" endtime="20260221 20:36:18.991"/>
</kw>
<kw name="Status Should Be" library="RequestsLibrary">
<arg>201</arg>
<arg>${response}</arg>
<doc>Fails if response status code is different than the expected.</doc>
<status status="PASS" starttime="20260221 20:36:18.991" endtime="20260221 20:36:18.992"/>
</kw>
<kw name="Set Suite Variable" library="BuiltIn">
<arg>${ORDER_ID}</arg>
<arg>${response.json()['id']}</arg>
<doc>Makes a variable available everywhere within the scope of the current suite.</doc>
<msg timestamp="20260221 20:36:18.993" level="INFO">${ORDER_ID} = 1</msg>
<status status="PASS" starttime="20260221 20:36:18.992" endtime="20260221 20:36:18.993"/>
</kw>
<status status="PASS" starttime="20260221 20:36:16.959" endtime="20260221 20:36:18.993"/>
</test>
<test id="s1-t9" name="Submit Rating And Feedback" line="80">
<kw name="Create Dictionary" library="BuiltIn">
<var>${rating_payload}</var>
<arg>order_id=${ORDER_ID}</arg>
<arg>rating=5</arg>
<arg>comment=Excellent food!</arg>
<doc>Creates and returns a dictionary based on the given ``items``.</doc>
<msg timestamp="20260221 20:36:18.994" level="INFO">${rating_payload} = {'order_id': 1, 'rating': '5', 'comment': 'Excellent food!'}</msg>
<status status="PASS" starttime="20260221 20:36:18.994" endtime="20260221 20:36:18.994"/>
</kw>
<kw name="POST On Session" library="RequestsLibrary">
<var>${response}</var>
<arg>foodie</arg>
<arg>/ratings</arg>
<arg>json=${rating_payload}</arg>
<doc>Sends a POST request on a previously created HTTP Session.</doc>
<msg timestamp="20260221 20:36:21.035" level="INFO">POST Request : url=http://localhost:5000/api/v1/ratings 
 path_url=/api/v1/ratings 
 headers={'User-Agent': 'python-requests/2.31.0', 'Accept-Encoding': 'gzip, deflate', 'Accept': '*/*', 'Connection': 'keep-alive', 'Content-Length': '60', 'Content-Type': 'application/json'} 
 body=b'{"order_id": 1, "rating": "5", "comment": "Excellent food!"}' 
 </msg>
<msg timestamp="20260221 20:36:21.035" level="INFO">POST Response : url=http://localhost:5000/api/v1/ratings 
 status=201, reason=CREATED 
 headers={'Server': 'Werkzeug/3.1.3 Python/3.13.9', 'Date': 'Sat, 21 Feb 2026 15:06:21 GMT', 'Content-Type': 'application/json', 'Content-Length': '80', 'Connection': 'close'} 
 body={
  "comment": "Excellent food!",
  "id": 1,
  "order_id": 1,
  "rating": "5"
}
 
 </msg>
<msg timestamp="20260221 20:36:21.035" level="INFO">${response} = &lt;Response [201]&gt;</msg>
<status status="PASS" starttime="20260221 20:36:18.996" endtime="20260221 20:36:21.035"/>
</kw>
<kw name="Status Should Be" library="RequestsLibrary">
<arg>201</arg>
<arg>${response}</arg>
<doc>Fails if response status code is different than the expected.</doc>
<status status="PASS" starttime="20260221 20:36:21.036" endtime="20260221 20:36:21.036"/>
</kw>
<status status="PASS" starttime="20260221 20:36:18.994" endtime="20260221 20:36:21.037"/>
</test>
<test id="s1-t10" name="View Admin Feedback" line="85">
<kw name="GET On Session" library="RequestsLibrary">
<var>${response}</var>
<arg>foodie</arg>
<arg>/admin/feedback</arg>
<doc>Sends a GET request on a previously created HTTP Session.</doc>
<msg timestamp="20260221 20:36:23.091" level="INFO">GET Request : url=http://localhost:5000/api/v1/admin/feedback 
 path_url=/api/v1/admin/feedback 
 headers={'User-Agent': 'python-requests/2.31.0', 'Accept-Encoding': 'gzip, deflate', 'Accept': '*/*', 'Connection': 'keep-alive'} 
 body=None 
 </msg>
<msg timestamp="20260221 20:36:23.091" level="INFO">GET Response : url=http://localhost:5000/api/v1/admin/feedback 
 status=200, reason=OK 
 headers={'Server': 'Werkzeug/3.1.3 Python/3.13.9', 'Date': 'Sat, 21 Feb 2026 15:06:23 GMT', 'Content-Type': 'application/json', 'Content-Length': '96', 'Connection': 'close'} 
 body=[
  {
    "comment": "Excellent food!",
    "id": 1,
    "order_id": 1,
    "rating": "5"
  }
]
 
 </msg>
<msg timestamp="20260221 20:36:23.091" level="INFO">${response} = &lt;Response [200]&gt;</msg>
<status status="PASS" starttime="20260221 20:36:21.038" endtime="20260221 20:36:23.091"/>
</kw>
<kw name="Status Should Be" library="RequestsLibrary">
<arg>200</arg>
<arg>${response}</arg>
<doc>Fails if response status code is different than the expected.</doc>
<status status="PASS" starttime="20260221 20:36:23.092" endtime="20260221 20:36:23.092"/>
</kw>
<kw name="Should Not Be Empty" library="BuiltIn">
<arg>${response.json()}</arg>
<doc>Verifies that the given item is not empty.</doc>
<msg timestamp="20260221 20:36:23.095" level="INFO">Length is 1</msg>
<status status="PASS" starttime="20260221 20:36:23.093" endtime="20260221 20:36:23.095"/>
</kw>
<status status="PASS" starttime="20260221 20:36:21.038" endtime="20260221 20:36:23.095"/>
</test>
<test id="s1-t11" name="Delete Dish" line="92">
<kw name="DELETE On Session" library="RequestsLibrary">
<var>${response}</var>
<arg>foodie</arg>
<arg>/dishes/${NEW_DISH_ID}</arg>
<doc>Sends a DELETE request on a previously created HTTP Session.</doc>
<msg timestamp="20260221 20:36:25.110" level="INFO">DELETE Request : url=http://localhost:5000/api/v1/dishes/1 
 path_url=/api/v1/dishes/1 
 headers={'User-Agent': 'python-requests/2.31.0', 'Accept-Encoding': 'gzip, deflate', 'Accept': '*/*', 'Connection': 'keep-alive', 'Content-Length': '0'} 
 body=None 
 </msg>
<msg timestamp="20260221 20:36:25.110" level="INFO">DELETE Response : url=http://localhost:5000/api/v1/dishes/1 
 status=200, reason=OK 
 headers={'Server': 'Werkzeug/3.1.3 Python/3.13.9', 'Date': 'Sat, 21 Feb 2026 15:06:25 GMT', 'Content-Type': 'application/json', 'Content-Length': '32', 'Connection': 'close'} 
 body={
  "message": "Dish deleted"
}
 
 </msg>
<msg timestamp="20260221 20:36:25.110" level="INFO">${response} = &lt;Response [200]&gt;</msg>
<status status="PASS" starttime="20260221 20:36:23.096" endtime="20260221 20:36:25.110"/>
</kw>
<kw name="Status Should Be" library="RequestsLibrary">
<arg>200</arg>
<arg>${response}</arg>
<doc>Fails if response status code is different than the expected.</doc>
<status status="PASS" starttime="20260221 20:36:25.110" endtime="20260221 20:36:25.111"/>
</kw>
<status status="PASS" starttime="20260221 20:36:23.096" endtime="20260221 20:36:25.111"/>
</test>
<test id="s1-t12" name="Delete Restaurant" line="96">
<kw name="DELETE On Session" library="RequestsLibrary">
<var>${response}</var>
<arg>foodie</arg>
<arg>/restaurants/${NEW_RES_ID}</arg>
<doc>Sends a DELETE request on a previously created HTTP Session.</doc>
<msg timestamp="20260221 20:36:27.157" level="INFO">DELETE Request : url=http://localhost:5000/api/v1/restaurants/1 
 path_url=/api/v1/restaurants/1 
 headers={'User-Agent': 'python-requests/2.31.0', 'Accept-Encoding': 'gzip, deflate', 'Accept': '*/*', 'Connection': 'keep-alive', 'Content-Length': '0'} 
 body=None 
 </msg>
<msg timestamp="20260221 20:36:27.158" level="INFO">DELETE Response : url=http://localhost:5000/api/v1/restaurants/1 
 status=200, reason=OK 
 headers={'Server': 'Werkzeug/3.1.3 Python/3.13.9', 'Date': 'Sat, 21 Feb 2026 15:06:27 GMT', 'Content-Type': 'application/json', 'Content-Length': '38', 'Connection': 'close'} 
 body={
  "message": "Restaurant deleted"
}
 
 </msg>
<msg timestamp="20260221 20:36:27.158" level="INFO">${response} = &lt;Response [200]&gt;</msg>
<status status="PASS" starttime="20260221 20:36:25.112" endtime="20260221 20:36:27.158"/>
</kw>
<kw name="Status Should Be" library="RequestsLibrary">
<arg>200</arg>
<arg>${response}</arg>
<doc>Fails if response status code is different than the expected.</doc>
<status status="PASS" starttime="20260221 20:36:27.159" endtime="20260221 20:36:27.159"/>
</kw>
<status status="PASS" starttime="20260221 20:36:25.112" endtime="20260221 20:36:27.159"/>
</test>
<kw name="Teardown Suite" type="TEARDOWN">
<kw name="Delete All Sessions" library="RequestsLibrary">
<doc>Removes all the session objects</doc>
<msg timestamp="20260221 20:36:27.161" level="INFO">Deleting All Sessions</msg>
<status status="PASS" starttime="20260221 20:36:27.161" endtime="20260221 20:36:27.161"/>
</kw>
<status status="PASS" starttime="20260221 20:36:27.161" endtime="20260221 20:36:27.161"/>
</kw>
<status status="PASS" starttime="20260221 20:36:00.454" endtime="20260221 20:36:27.161"/>
</suite>
<statistics>
<total>
<stat pass="12" fail="0" skip="0">All Tests</stat>
</total>
<tag>
</tag>
<suite>
<stat pass="12" fail="0" skip="0" id="s1" name="Api Tests">Api Tests</stat>
</suite>
</statistics>
<errors>
</errors>
</robot>
