<?xml version="1.0" encoding="UTF-8"?>
<robot generator="Robot 6.1.1 (Python 3.11.0 on win32)" generated="20260224 12:34:54.554" rpa="false" schemaversion="4">
<suite id="s1" name="Robot" source="C:\Users\KIIT\OneDrive\Desktop\Wipro_NGA\Foodie_App\Robot">
<suite id="s1-s1" name="Api Tests" source="C:\Users\KIIT\OneDrive\Desktop\Wipro_NGA\Foodie_App\Robot\api_tests.robot">
<kw name="Setup Suite" type="SETUP">
<kw name="Create Session" library="RequestsLibrary">
<arg>foodie</arg>
<arg>http://localhost:5000/api/v1</arg>
<doc>Create Session: create a HTTP session to a server</doc>
<msg timestamp="20260224 12:34:54.735" level="INFO">Creating Session using : alias=foodie, url=http://localhost:5000/api/v1, headers={},                     cookies={}, auth=None, timeout=None, proxies=None, verify=False,                     debug=0 </msg>
<status status="PASS" starttime="20260224 12:34:54.735" endtime="20260224 12:34:54.735"/>
</kw>
<kw name="Run Keyword And Ignore Error" library="BuiltIn">
<arg>POST On Session</arg>
<arg>foodie</arg>
<arg>/admin/reset</arg>
<doc>Runs the given keyword with the given arguments and ignores possible error.</doc>
<kw name="POST On Session" library="RequestsLibrary">
<arg>foodie</arg>
<arg>/admin/reset</arg>
<doc>Sends a POST request on a previously created HTTP Session.</doc>
<msg timestamp="20260224 12:34:56.787" level="INFO">POST Request : url=http://localhost:5000/api/v1/admin/reset 
 path_url=/api/v1/admin/reset 
 headers={'User-Agent': 'python-requests/2.31.0', 'Accept-Encoding': 'gzip, deflate', 'Accept': '*/*', 'Connection': 'keep-alive', 'Content-Length': '0'} 
 body=None 
 </msg>
<msg timestamp="20260224 12:34:56.787" level="INFO">POST Response : url=http://localhost:5000/api/v1/admin/reset 
 status=200, reason=OK 
 headers={'Server': 'Werkzeug/3.1.3 Python/3.13.9', 'Date': 'Tue, 24 Feb 2026 07:04:56 GMT', 'Content-Type': 'application/json', 'Content-Length': '30', 'Connection': 'close'} 
 body={
  "message": "Data reset"
}
 
 </msg>
<status status="PASS" starttime="20260224 12:34:54.735" endtime="20260224 12:34:56.787"/>
</kw>
<status status="PASS" starttime="20260224 12:34:54.735" endtime="20260224 12:34:56.787"/>
</kw>
<kw name="Evaluate" library="BuiltIn">
<var>${rand}</var>
<arg>__import__('uuid').uuid4().hex[:6]</arg>
<doc>Evaluates the given expression in Python and returns the result.</doc>
<msg timestamp="20260224 12:34:56.789" level="INFO">${rand} = 74e4a6</msg>
<status status="PASS" starttime="20260224 12:34:56.787" endtime="20260224 12:34:56.789"/>
</kw>
<kw name="Set Suite Variable" library="BuiltIn">
<arg>${RAND}</arg>
<doc>Makes a variable available everywhere within the scope of the current suite.</doc>
<msg timestamp="20260224 12:34:56.790" level="INFO">${RAND} = 74e4a6</msg>
<status status="PASS" starttime="20260224 12:34:56.790" endtime="20260224 12:34:56.790"/>
</kw>
<kw name="Create Dictionary" library="BuiltIn">
<var>&amp;{USER_DATA}</var>
<arg>name=John Doe</arg>
<arg>email=john_robot_${RAND}@example.com</arg>
<arg>password=secret123</arg>
<doc>Creates and returns a dictionary based on the given ``items``.</doc>
<msg timestamp="20260224 12:34:56.790" level="INFO">&amp;{USER_DATA} = { name=John Doe | email=john_robot_74e4a6@example.com | password=secret123 }</msg>
<status status="PASS" starttime="20260224 12:34:56.790" endtime="20260224 12:34:56.790"/>
</kw>
<kw name="Set Suite Variable" library="BuiltIn">
<arg>&amp;{USER_DATA}</arg>
<doc>Makes a variable available everywhere within the scope of the current suite.</doc>
<msg timestamp="20260224 12:34:56.790" level="INFO">&amp;{USER_DATA} = { name=John Doe | email=john_robot_74e4a6@example.com | password=secret123 }</msg>
<status status="PASS" starttime="20260224 12:34:56.790" endtime="20260224 12:34:56.790"/>
</kw>
<status status="PASS" starttime="20260224 12:34:54.734" endtime="20260224 12:34:56.790"/>
</kw>
<test id="s1-s1-t1" name="Register New Restaurant Successfully" line="29">
<kw name="POST On Session" library="RequestsLibrary">
<var>${response}</var>
<arg>foodie</arg>
<arg>/restaurants</arg>
<arg>json=${RESTAURANT_DATA}</arg>
<doc>Sends a POST request on a previously created HTTP Session.</doc>
<msg timestamp="20260224 12:34:58.830" level="INFO">POST Request : url=http://localhost:5000/api/v1/restaurants 
 path_url=/api/v1/restaurants 
 headers={'User-Agent': 'python-requests/2.31.0', 'Accept-Encoding': 'gzip, deflate', 'Accept': '*/*', 'Connection': 'keep-alive', 'Content-Length': '101', 'Content-Type': 'application/json'} 
 body=b'{"name": "Spice Garden", "category": "Indian", "location": "North", "images": [], "contact": "98765"}' 
 </msg>
<msg timestamp="20260224 12:34:58.830" level="INFO">POST Response : url=http://localhost:5000/api/v1/restaurants 
 status=201, reason=CREATED 
 headers={'Server': 'Werkzeug/3.1.3 Python/3.13.9', 'Date': 'Tue, 24 Feb 2026 07:04:58 GMT', 'Content-Type': 'application/json', 'Content-Length': '165', 'Connection': 'close'} 
 body={
  "approved": false,
  "category": "Indian",
  "contact": "98765",
  "enabled": true,
  "id": 1,
  "images": [],
  "location": "North",
  "name": "Spice Garden"
}
 
 </msg>
<msg timestamp="20260224 12:34:58.832" level="INFO">${response} = &lt;Response [201]&gt;</msg>
<status status="PASS" starttime="20260224 12:34:56.791" endtime="20260224 12:34:58.832"/>
</kw>
<kw name="Status Should Be" library="RequestsLibrary">
<arg>201</arg>
<arg>${response}</arg>
<doc>Fails if response status code is different than the expected.</doc>
<status status="PASS" starttime="20260224 12:34:58.832" endtime="20260224 12:34:58.832"/>
</kw>
<kw name="Set Variable" library="BuiltIn">
<var>${json}</var>
<arg>${response.json()}</arg>
<doc>Returns the given values which can then be assigned to a variables.</doc>
<msg timestamp="20260224 12:34:58.833" level="INFO">${json} = {'approved': False, 'category': 'Indian', 'contact': '98765', 'enabled': True, 'id': 1, 'images': [], 'location': 'North', 'name': 'Spice Garden'}</msg>
<status status="PASS" starttime="20260224 12:34:58.832" endtime="20260224 12:34:58.833"/>
</kw>
<kw name="Set Suite Variable" library="BuiltIn">
<arg>${NEW_RES_ID}</arg>
<arg>${json['id']}</arg>
<doc>Makes a variable available everywhere within the scope of the current suite.</doc>
<msg timestamp="20260224 12:34:58.834" level="INFO">${NEW_RES_ID} = 1</msg>
<status status="PASS" starttime="20260224 12:34:58.833" endtime="20260224 12:34:58.834"/>
</kw>
<status status="PASS" starttime="20260224 12:34:56.791" endtime="20260224 12:34:58.834"/>
</test>
<test id="s1-s1-t2" name="Update Restaurant Details" line="35">
<kw name="Create Dictionary" library="BuiltIn">
<var>${update_data}</var>
<arg>location=South</arg>
<doc>Creates and returns a dictionary based on the given ``items``.</doc>
<msg timestamp="20260224 12:34:58.835" level="INFO">${update_data} = {'location': 'South'}</msg>
<status status="PASS" starttime="20260224 12:34:58.834" endtime="20260224 12:34:58.835"/>
</kw>
<kw name="PUT On Session" library="RequestsLibrary">
<var>${response}</var>
<arg>foodie</arg>
<arg>/restaurants/${NEW_RES_ID}</arg>
<arg>json=${update_data}</arg>
<doc>Sends a PUT request on a previously created HTTP Session.</doc>
<msg timestamp="20260224 12:35:00.877" level="INFO">PUT Request : url=http://localhost:5000/api/v1/restaurants/1 
 path_url=/api/v1/restaurants/1 
 headers={'User-Agent': 'python-requests/2.31.0', 'Accept-Encoding': 'gzip, deflate', 'Accept': '*/*', 'Connection': 'keep-alive', 'Content-Length': '21', 'Content-Type': 'application/json'} 
 body=b'{"location": "South"}' 
 </msg>
<msg timestamp="20260224 12:35:00.877" level="INFO">PUT Response : url=http://localhost:5000/api/v1/restaurants/1 
 status=200, reason=OK 
 headers={'Server': 'Werkzeug/3.1.3 Python/3.13.9', 'Date': 'Tue, 24 Feb 2026 07:05:00 GMT', 'Content-Type': 'application/json', 'Content-Length': '165', 'Connection': 'close'} 
 body={
  "approved": false,
  "category": "Indian",
  "contact": "98765",
  "enabled": true,
  "id": 1,
  "images": [],
  "location": "South",
  "name": "Spice Garden"
}
 
 </msg>
<msg timestamp="20260224 12:35:00.877" level="INFO">${response} = &lt;Response [200]&gt;</msg>
<status status="PASS" starttime="20260224 12:34:58.835" endtime="20260224 12:35:00.877"/>
</kw>
<kw name="Status Should Be" library="RequestsLibrary">
<arg>200</arg>
<arg>${response}</arg>
<doc>Fails if response status code is different than the expected.</doc>
<status status="PASS" starttime="20260224 12:35:00.877" endtime="20260224 12:35:00.877"/>
</kw>
<kw name="Should Be Equal As Strings" library="BuiltIn">
<arg>${response.json()['location']}</arg>
<arg>South</arg>
<doc>Fails if objects are unequal after converting them to strings.</doc>
<status status="PASS" starttime="20260224 12:35:00.877" endtime="20260224 12:35:00.878"/>
</kw>
<status status="PASS" starttime="20260224 12:34:58.834" endtime="20260224 12:35:00.878"/>
</test>
<test id="s1-s1-t3" name="Approve Restaurant Via Admin" line="41">
<kw name="PUT On Session" library="RequestsLibrary">
<var>${response}</var>
<arg>foodie</arg>
<arg>/admin/restaurants/${NEW_RES_ID}/approve</arg>
<doc>Sends a PUT request on a previously created HTTP Session.</doc>
<msg timestamp="20260224 12:35:02.921" level="INFO">PUT Request : url=http://localhost:5000/api/v1/admin/restaurants/1/approve 
 path_url=/api/v1/admin/restaurants/1/approve 
 headers={'User-Agent': 'python-requests/2.31.0', 'Accept-Encoding': 'gzip, deflate', 'Accept': '*/*', 'Connection': 'keep-alive', 'Content-Length': '0'} 
 body=None 
 </msg>
<msg timestamp="20260224 12:35:02.921" level="INFO">PUT Response : url=http://localhost:5000/api/v1/admin/restaurants/1/approve 
 status=200, reason=OK 
 headers={'Server': 'Werkzeug/3.1.3 Python/3.13.9', 'Date': 'Tue, 24 Feb 2026 07:05:02 GMT', 'Content-Type': 'application/json', 'Content-Length': '39', 'Connection': 'close'} 
 body={
  "message": "Restaurant approved"
}
 
 </msg>
<msg timestamp="20260224 12:35:02.921" level="INFO">${response} = &lt;Response [200]&gt;</msg>
<status status="PASS" starttime="20260224 12:35:00.879" endtime="20260224 12:35:02.921"/>
</kw>
<kw name="Status Should Be" library="RequestsLibrary">
<arg>200</arg>
<arg>${response}</arg>
<doc>Fails if response status code is different than the expected.</doc>
<status status="PASS" starttime="20260224 12:35:02.922" endtime="20260224 12:35:02.922"/>
</kw>
<kw name="Should Be Equal As Strings" library="BuiltIn">
<arg>${response.json()['message']}</arg>
<arg>Restaurant approved</arg>
<doc>Fails if objects are unequal after converting them to strings.</doc>
<status status="PASS" starttime="20260224 12:35:02.922" endtime="20260224 12:35:02.922"/>
</kw>
<status status="PASS" starttime="20260224 12:35:00.879" endtime="20260224 12:35:02.923"/>
</test>
<test id="s1-s1-t4" name="Add Dish To Restaurant" line="48">
<kw name="POST On Session" library="RequestsLibrary">
<var>${response}</var>
<arg>foodie</arg>
<arg>/restaurants/${NEW_RES_ID}/dishes</arg>
<arg>json=${DISH_DATA}</arg>
<doc>Sends a POST request on a previously created HTTP Session.</doc>
<msg timestamp="20260224 12:35:04.967" level="INFO">POST Request : url=http://localhost:5000/api/v1/restaurants/1/dishes 
 path_url=/api/v1/restaurants/1/dishes 
 headers={'User-Agent': 'python-requests/2.31.0', 'Accept-Encoding': 'gzip, deflate', 'Accept': '*/*', 'Connection': 'keep-alive', 'Content-Length': '108', 'Content-Type': 'application/json'} 
 body=b'{"name": "Paneer Tikka", "type": "Veg", "price": "15.0", "available_time": "All Day", "image": "paneer.jpg"}' 
 </msg>
<msg timestamp="20260224 12:35:04.967" level="INFO">POST Response : url=http://localhost:5000/api/v1/restaurants/1/dishes 
 status=201, reason=CREATED 
 headers={'Server': 'Werkzeug/3.1.3 Python/3.13.9', 'Date': 'Tue, 24 Feb 2026 07:05:04 GMT', 'Content-Type': 'application/json', 'Content-Length': '173', 'Connection': 'close'} 
 body={
  "available_time": "All Day",
  "enabled": true,
  "id": 1,
  "image": "paneer.jpg",
  "name": "Paneer Tikka",
  "price": "15.0",
  "restaurant_id": 1,
  "type": "Veg"
}
 
 </msg>
<msg timestamp="20260224 12:35:04.967" level="INFO">${response} = &lt;Response [201]&gt;</msg>
<status status="PASS" starttime="20260224 12:35:02.924" endtime="20260224 12:35:04.967"/>
</kw>
<kw name="Status Should Be" library="RequestsLibrary">
<arg>201</arg>
<arg>${response}</arg>
<doc>Fails if response status code is different than the expected.</doc>
<status status="PASS" starttime="20260224 12:35:04.968" endtime="20260224 12:35:04.968"/>
</kw>
<kw name="Set Suite Variable" library="BuiltIn">
<arg>${NEW_DISH_ID}</arg>
<arg>${response.json()['id']}</arg>
<doc>Makes a variable available everywhere within the scope of the current suite.</doc>
<msg timestamp="20260224 12:35:04.969" level="INFO">${NEW_DISH_ID} = 1</msg>
<status status="PASS" starttime="20260224 12:35:04.968" endtime="20260224 12:35:04.969"/>
</kw>
<status status="PASS" starttime="20260224 12:35:02.924" endtime="20260224 12:35:04.969"/>
</test>
<test id="s1-s1-t5" name="Update Dish Status" line="53">
<kw name="Create Dictionary" library="BuiltIn">
<var>${status}</var>
<arg>enabled=${FALSE}</arg>
<doc>Creates and returns a dictionary based on the given ``items``.</doc>
<msg timestamp="20260224 12:35:04.971" level="INFO">${status} = {'enabled': False}</msg>
<status status="PASS" starttime="20260224 12:35:04.970" endtime="20260224 12:35:04.971"/>
</kw>
<kw name="PUT On Session" library="RequestsLibrary">
<var>${response}</var>
<arg>foodie</arg>
<arg>/dishes/${NEW_DISH_ID}/status</arg>
<arg>json=${status}</arg>
<doc>Sends a PUT request on a previously created HTTP Session.</doc>
<msg timestamp="20260224 12:35:07.005" level="INFO">PUT Request : url=http://localhost:5000/api/v1/dishes/1/status 
 path_url=/api/v1/dishes/1/status 
 headers={'User-Agent': 'python-requests/2.31.0', 'Accept-Encoding': 'gzip, deflate', 'Accept': '*/*', 'Connection': 'keep-alive', 'Content-Length': '18', 'Content-Type': 'application/json'} 
 body=b'{"enabled": false}' 
 </msg>
<msg timestamp="20260224 12:35:07.005" level="INFO">PUT Response : url=http://localhost:5000/api/v1/dishes/1/status 
 status=200, reason=OK 
 headers={'Server': 'Werkzeug/3.1.3 Python/3.13.9', 'Date': 'Tue, 24 Feb 2026 07:05:07 GMT', 'Content-Type': 'application/json', 'Content-Length': '39', 'Connection': 'close'} 
 body={
  "message": "Dish status updated"
}
 
 </msg>
<msg timestamp="20260224 12:35:07.005" level="INFO">${response} = &lt;Response [200]&gt;</msg>
<status status="PASS" starttime="20260224 12:35:04.971" endtime="20260224 12:35:07.005"/>
</kw>
<kw name="Status Should Be" library="RequestsLibrary">
<arg>200</arg>
<arg>${response}</arg>
<doc>Fails if response status code is different than the expected.</doc>
<status status="PASS" starttime="20260224 12:35:07.005" endtime="20260224 12:35:07.006"/>
</kw>
<status status="PASS" starttime="20260224 12:35:04.970" endtime="20260224 12:35:07.006"/>
</test>
<test id="s1-s1-t6" name="Register New User" line="60">
<kw name="POST On Session" library="RequestsLibrary">
<var>${response}</var>
<arg>foodie</arg>
<arg>/users/register</arg>
<arg>json=${USER_DATA}</arg>
<doc>Sends a POST request on a previously created HTTP Session.</doc>
<msg timestamp="20260224 12:35:09.053" level="INFO">POST Request : url=http://localhost:5000/api/v1/users/register 
 path_url=/api/v1/users/register 
 headers={'User-Agent': 'python-requests/2.31.0', 'Accept-Encoding': 'gzip, deflate', 'Accept': '*/*', 'Connection': 'keep-alive', 'Content-Length': '87', 'Content-Type': 'application/json'} 
 body=b'{"name": "John Doe", "email": "john_robot_74e4a6@example.com", "password": "secret123"}' 
 </msg>
<msg timestamp="20260224 12:35:09.054" level="INFO">POST Response : url=http://localhost:5000/api/v1/users/register 
 status=201, reason=CREATED 
 headers={'Server': 'Werkzeug/3.1.3 Python/3.13.9', 'Date': 'Tue, 24 Feb 2026 07:05:09 GMT', 'Content-Type': 'application/json', 'Content-Length': '107', 'Connection': 'close'} 
 body={
  "email": "john_robot_74e4a6@example.com",
  "id": 1,
  "name": "John Doe",
  "password": "secret123"
}
 
 </msg>
<msg timestamp="20260224 12:35:09.054" level="INFO">${response} = &lt;Response [201]&gt;</msg>
<status status="PASS" starttime="20260224 12:35:07.007" endtime="20260224 12:35:09.054"/>
</kw>
<kw name="Status Should Be" library="RequestsLibrary">
<arg>201</arg>
<arg>${response}</arg>
<doc>Fails if response status code is different than the expected.</doc>
<status status="PASS" starttime="20260224 12:35:09.054" endtime="20260224 12:35:09.054"/>
</kw>
<kw name="Set Suite Variable" library="BuiltIn">
<arg>${USER_ID}</arg>
<arg>${response.json()['id']}</arg>
<doc>Makes a variable available everywhere within the scope of the current suite.</doc>
<msg timestamp="20260224 12:35:09.056" level="INFO">${USER_ID} = 1</msg>
<status status="PASS" starttime="20260224 12:35:09.055" endtime="20260224 12:35:09.056"/>
</kw>
<status status="PASS" starttime="20260224 12:35:07.007" endtime="20260224 12:35:09.056"/>
</test>
<test id="s1-s1-t7" name="Search For Restaurant By Name" line="65">
<kw name="Create Dictionary" library="BuiltIn">
<var>${params}</var>
<arg>name=Spice</arg>
<arg>location=South</arg>
<doc>Creates and returns a dictionary based on the given ``items``.</doc>
<msg timestamp="20260224 12:35:09.057" level="INFO">${params} = {'name': 'Spice', 'location': 'South'}</msg>
<status status="PASS" starttime="20260224 12:35:09.057" endtime="20260224 12:35:09.057"/>
</kw>
<kw name="GET On Session" library="RequestsLibrary">
<var>${response}</var>
<arg>foodie</arg>
<arg>/restaurants/search</arg>
<arg>params=${params}</arg>
<doc>Sends a GET request on a previously created HTTP Session.</doc>
<msg timestamp="20260224 12:35:11.094" level="INFO">GET Request : url=http://localhost:5000/api/v1/restaurants/search?name=Spice&amp;location=South 
 path_url=/api/v1/restaurants/search?name=Spice&amp;location=South 
 headers={'User-Agent': 'python-requests/2.31.0', 'Accept-Encoding': 'gzip, deflate', 'Accept': '*/*', 'Connection': 'keep-alive'} 
 body=None 
 </msg>
<msg timestamp="20260224 12:35:11.094" level="INFO">GET Response : url=http://localhost:5000/api/v1/restaurants/search?name=Spice&amp;location=South 
 status=200, reason=OK 
 headers={'Server': 'Werkzeug/3.1.3 Python/3.13.9', 'Date': 'Tue, 24 Feb 2026 07:05:11 GMT', 'Content-Type': 'application/json', 'Content-Length': '188', 'Connection': 'close'} 
 body=[
  {
    "approved": true,
    "category": "Indian",
    "contact": "98765",
    "enabled": true,
    "id": 1,
    "images": [],
    "location": "South",
    "name": "Spice Garden"
  }
]
 
 </msg>
<msg timestamp="20260224 12:35:11.094" level="INFO">${response} = &lt;Response [200]&gt;</msg>
<status status="PASS" starttime="20260224 12:35:09.058" endtime="20260224 12:35:11.094"/>
</kw>
<kw name="Status Should Be" library="RequestsLibrary">
<arg>200</arg>
<arg>${response}</arg>
<doc>Fails if response status code is different than the expected.</doc>
<status status="PASS" starttime="20260224 12:35:11.094" endtime="20260224 12:35:11.094"/>
</kw>
<kw name="Should Not Be Empty" library="BuiltIn">
<arg>${response.json()}</arg>
<doc>Verifies that the given item is not empty.</doc>
<msg timestamp="20260224 12:35:11.095" level="INFO">Length is 1</msg>
<status status="PASS" starttime="20260224 12:35:11.095" endtime="20260224 12:35:11.095"/>
</kw>
<status status="PASS" starttime="20260224 12:35:09.057" endtime="20260224 12:35:11.095"/>
</test>
<test id="s1-s1-t8" name="Place An Order" line="73">
<kw name="Create List" library="BuiltIn">
<var>${dishes_list}</var>
<arg>${NEW_DISH_ID}</arg>
<doc>Returns a list containing given items.</doc>
<msg timestamp="20260224 12:35:11.096" level="INFO">${dishes_list} = [1]</msg>
<status status="PASS" starttime="20260224 12:35:11.096" endtime="20260224 12:35:11.096"/>
</kw>
<kw name="Create Dictionary" library="BuiltIn">
<var>${order_payload}</var>
<arg>user_id=${USER_ID}</arg>
<arg>restaurant_id=${NEW_RES_ID}</arg>
<arg>dishes=${dishes_list}</arg>
<doc>Creates and returns a dictionary based on the given ``items``.</doc>
<msg timestamp="20260224 12:35:11.097" level="INFO">${order_payload} = {'user_id': 1, 'restaurant_id': 1, 'dishes': [1]}</msg>
<status status="PASS" starttime="20260224 12:35:11.097" endtime="20260224 12:35:11.097"/>
</kw>
<kw name="POST On Session" library="RequestsLibrary">
<var>${response}</var>
<arg>foodie</arg>
<arg>/orders</arg>
<arg>json=${order_payload}</arg>
<doc>Sends a POST request on a previously created HTTP Session.</doc>
<msg timestamp="20260224 12:35:13.143" level="INFO">POST Request : url=http://localhost:5000/api/v1/orders 
 path_url=/api/v1/orders 
 headers={'User-Agent': 'python-requests/2.31.0', 'Accept-Encoding': 'gzip, deflate', 'Accept': '*/*', 'Connection': 'keep-alive', 'Content-Length': '49', 'Content-Type': 'application/json'} 
 body=b'{"user_id": 1, "restaurant_id": 1, "dishes": [1]}' 
 </msg>
<msg timestamp="20260224 12:35:13.143" level="INFO">POST Response : url=http://localhost:5000/api/v1/orders 
 status=201, reason=CREATED 
 headers={'Server': 'Werkzeug/3.1.3 Python/3.13.9', 'Date': 'Tue, 24 Feb 2026 07:05:13 GMT', 'Content-Type': 'application/json', 'Content-Length': '99', 'Connection': 'close'} 
 body={
  "dishes": [
    1
  ],
  "id": 1,
  "restaurant_id": 1,
  "status": "Placed",
  "user_id": 1
}
 
 </msg>
<msg timestamp="20260224 12:35:13.143" level="INFO">${response} = &lt;Response [201]&gt;</msg>
<status status="PASS" starttime="20260224 12:35:11.097" endtime="20260224 12:35:13.144"/>
</kw>
<kw name="Status Should Be" library="RequestsLibrary">
<arg>201</arg>
<arg>${response}</arg>
<doc>Fails if response status code is different than the expected.</doc>
<status status="PASS" starttime="20260224 12:35:13.144" endtime="20260224 12:35:13.144"/>
</kw>
<kw name="Set Suite Variable" library="BuiltIn">
<arg>${ORDER_ID}</arg>
<arg>${response.json()['id']}</arg>
<doc>Makes a variable available everywhere within the scope of the current suite.</doc>
<msg timestamp="20260224 12:35:13.145" level="INFO">${ORDER_ID} = 1</msg>
<status status="PASS" starttime="20260224 12:35:13.145" endtime="20260224 12:35:13.145"/>
</kw>
<status status="PASS" starttime="20260224 12:35:11.096" endtime="20260224 12:35:13.145"/>
</test>
<test id="s1-s1-t9" name="Submit Rating And Feedback" line="80">
<kw name="Create Dictionary" library="BuiltIn">
<var>${rating_payload}</var>
<arg>order_id=${ORDER_ID}</arg>
<arg>rating=5</arg>
<arg>comment=Excellent food!</arg>
<doc>Creates and returns a dictionary based on the given ``items``.</doc>
<msg timestamp="20260224 12:35:13.147" level="INFO">${rating_payload} = {'order_id': 1, 'rating': '5', 'comment': 'Excellent food!'}</msg>
<status status="PASS" starttime="20260224 12:35:13.147" endtime="20260224 12:35:13.147"/>
</kw>
<kw name="POST On Session" library="RequestsLibrary">
<var>${response}</var>
<arg>foodie</arg>
<arg>/ratings</arg>
<arg>json=${rating_payload}</arg>
<doc>Sends a POST request on a previously created HTTP Session.</doc>
<msg timestamp="20260224 12:35:15.181" level="INFO">POST Request : url=http://localhost:5000/api/v1/ratings 
 path_url=/api/v1/ratings 
 headers={'User-Agent': 'python-requests/2.31.0', 'Accept-Encoding': 'gzip, deflate', 'Accept': '*/*', 'Connection': 'keep-alive', 'Content-Length': '60', 'Content-Type': 'application/json'} 
 body=b'{"order_id": 1, "rating": "5", "comment": "Excellent food!"}' 
 </msg>
<msg timestamp="20260224 12:35:15.181" level="INFO">POST Response : url=http://localhost:5000/api/v1/ratings 
 status=201, reason=CREATED 
 headers={'Server': 'Werkzeug/3.1.3 Python/3.13.9', 'Date': 'Tue, 24 Feb 2026 07:05:15 GMT', 'Content-Type': 'application/json', 'Content-Length': '80', 'Connection': 'close'} 
 body={
  "comment": "Excellent food!",
  "id": 1,
  "order_id": 1,
  "rating": "5"
}
 
 </msg>
<msg timestamp="20260224 12:35:15.181" level="INFO">${response} = &lt;Response [201]&gt;</msg>
<status status="PASS" starttime="20260224 12:35:13.147" endtime="20260224 12:35:15.181"/>
</kw>
<kw name="Status Should Be" library="RequestsLibrary">
<arg>201</arg>
<arg>${response}</arg>
<doc>Fails if response status code is different than the expected.</doc>
<status status="PASS" starttime="20260224 12:35:15.182" endtime="20260224 12:35:15.182"/>
</kw>
<status status="PASS" starttime="20260224 12:35:13.146" endtime="20260224 12:35:15.183"/>
</test>
<test id="s1-s1-t10" name="View Admin Feedback" line="85">
<kw name="GET On Session" library="RequestsLibrary">
<var>${response}</var>
<arg>foodie</arg>
<arg>/admin/feedback</arg>
<doc>Sends a GET request on a previously created HTTP Session.</doc>
<msg timestamp="20260224 12:35:17.217" level="INFO">GET Request : url=http://localhost:5000/api/v1/admin/feedback 
 path_url=/api/v1/admin/feedback 
 headers={'User-Agent': 'python-requests/2.31.0', 'Accept-Encoding': 'gzip, deflate', 'Accept': '*/*', 'Connection': 'keep-alive'} 
 body=None 
 </msg>
<msg timestamp="20260224 12:35:17.217" level="INFO">GET Response : url=http://localhost:5000/api/v1/admin/feedback 
 status=200, reason=OK 
 headers={'Server': 'Werkzeug/3.1.3 Python/3.13.9', 'Date': 'Tue, 24 Feb 2026 07:05:17 GMT', 'Content-Type': 'application/json', 'Content-Length': '96', 'Connection': 'close'} 
 body=[
  {
    "comment": "Excellent food!",
    "id": 1,
    "order_id": 1,
    "rating": "5"
  }
]
 
 </msg>
<msg timestamp="20260224 12:35:17.217" level="INFO">${response} = &lt;Response [200]&gt;</msg>
<status status="PASS" starttime="20260224 12:35:15.184" endtime="20260224 12:35:17.217"/>
</kw>
<kw name="Status Should Be" library="RequestsLibrary">
<arg>200</arg>
<arg>${response}</arg>
<doc>Fails if response status code is different than the expected.</doc>
<status status="PASS" starttime="20260224 12:35:17.218" endtime="20260224 12:35:17.218"/>
</kw>
<kw name="Should Not Be Empty" library="BuiltIn">
<arg>${response.json()}</arg>
<doc>Verifies that the given item is not empty.</doc>
<msg timestamp="20260224 12:35:17.219" level="INFO">Length is 1</msg>
<status status="PASS" starttime="20260224 12:35:17.218" endtime="20260224 12:35:17.219"/>
</kw>
<status status="PASS" starttime="20260224 12:35:15.183" endtime="20260224 12:35:17.219"/>
</test>
<test id="s1-s1-t11" name="Delete Dish" line="92">
<kw name="DELETE On Session" library="RequestsLibrary">
<var>${response}</var>
<arg>foodie</arg>
<arg>/dishes/${NEW_DISH_ID}</arg>
<doc>Sends a DELETE request on a previously created HTTP Session.</doc>
<msg timestamp="20260224 12:35:19.264" level="INFO">DELETE Request : url=http://localhost:5000/api/v1/dishes/1 
 path_url=/api/v1/dishes/1 
 headers={'User-Agent': 'python-requests/2.31.0', 'Accept-Encoding': 'gzip, deflate', 'Accept': '*/*', 'Connection': 'keep-alive', 'Content-Length': '0'} 
 body=None 
 </msg>
<msg timestamp="20260224 12:35:19.264" level="INFO">DELETE Response : url=http://localhost:5000/api/v1/dishes/1 
 status=200, reason=OK 
 headers={'Server': 'Werkzeug/3.1.3 Python/3.13.9', 'Date': 'Tue, 24 Feb 2026 07:05:19 GMT', 'Content-Type': 'application/json', 'Content-Length': '32', 'Connection': 'close'} 
 body={
  "message": "Dish deleted"
}
 
 </msg>
<msg timestamp="20260224 12:35:19.264" level="INFO">${response} = &lt;Response [200]&gt;</msg>
<status status="PASS" starttime="20260224 12:35:17.220" endtime="20260224 12:35:19.264"/>
</kw>
<kw name="Status Should Be" library="RequestsLibrary">
<arg>200</arg>
<arg>${response}</arg>
<doc>Fails if response status code is different than the expected.</doc>
<status status="PASS" starttime="20260224 12:35:19.264" endtime="20260224 12:35:19.265"/>
</kw>
<status status="PASS" starttime="20260224 12:35:17.220" endtime="20260224 12:35:19.265"/>
</test>
<test id="s1-s1-t12" name="Delete Restaurant" line="96">
<kw name="DELETE On Session" library="RequestsLibrary">
<var>${response}</var>
<arg>foodie</arg>
<arg>/restaurants/${NEW_RES_ID}</arg>
<doc>Sends a DELETE request on a previously created HTTP Session.</doc>
<msg timestamp="20260224 12:35:21.310" level="INFO">DELETE Request : url=http://localhost:5000/api/v1/restaurants/1 
 path_url=/api/v1/restaurants/1 
 headers={'User-Agent': 'python-requests/2.31.0', 'Accept-Encoding': 'gzip, deflate', 'Accept': '*/*', 'Connection': 'keep-alive', 'Content-Length': '0'} 
 body=None 
 </msg>
<msg timestamp="20260224 12:35:21.310" level="INFO">DELETE Response : url=http://localhost:5000/api/v1/restaurants/1 
 status=200, reason=OK 
 headers={'Server': 'Werkzeug/3.1.3 Python/3.13.9', 'Date': 'Tue, 24 Feb 2026 07:05:21 GMT', 'Content-Type': 'application/json', 'Content-Length': '38', 'Connection': 'close'} 
 body={
  "message": "Restaurant deleted"
}
 
 </msg>
<msg timestamp="20260224 12:35:21.310" level="INFO">${response} = &lt;Response [200]&gt;</msg>
<status status="PASS" starttime="20260224 12:35:19.266" endtime="20260224 12:35:21.310"/>
</kw>
<kw name="Status Should Be" library="RequestsLibrary">
<arg>200</arg>
<arg>${response}</arg>
<doc>Fails if response status code is different than the expected.</doc>
<status status="PASS" starttime="20260224 12:35:21.310" endtime="20260224 12:35:21.310"/>
</kw>
<status status="PASS" starttime="20260224 12:35:19.266" endtime="20260224 12:35:21.311"/>
</test>
<kw name="Teardown Suite" type="TEARDOWN">
<kw name="Delete All Sessions" library="RequestsLibrary">
<doc>Removes all the session objects</doc>
<msg timestamp="20260224 12:35:21.312" level="INFO">Deleting All Sessions</msg>
<status status="PASS" starttime="20260224 12:35:21.312" endtime="20260224 12:35:21.312"/>
</kw>
<status status="PASS" starttime="20260224 12:35:21.312" endtime="20260224 12:35:21.312"/>
</kw>
<status status="PASS" starttime="20260224 12:34:54.579" endtime="20260224 12:35:21.312"/>
</suite>
<status status="PASS" starttime="20260224 12:34:54.555" endtime="20260224 12:35:21.313"/>
</suite>
<statistics>
<total>
<stat pass="12" fail="0" skip="0">All Tests</stat>
</total>
<tag>
</tag>
<suite>
<stat pass="12" fail="0" skip="0" id="s1" name="Robot">Robot</stat>
<stat pass="12" fail="0" skip="0" id="s1-s1" name="Api Tests">Robot.Api Tests</stat>
</suite>
</statistics>
<errors>
</errors>
</robot>
