<?xml version="1.0" encoding="utf-8"?><testsuites><testsuite name="pytest" errors="0" failures="0" skipped="0" tests="12" time="26.737" timestamp="2026-02-24T10:37:57.611932" hostname="BT-21051871"><testcase classname="Pytest.test_api" name="test_register_restaurant" time="4.100" /><testcase classname="Pytest.test_api" name="test_update_restaurant" time="2.051" /><testcase classname="Pytest.test_api" name="test_approve_restaurant" time="2.047" /><testcase classname="Pytest.test_api" name="test_add_dish" time="2.040" /><testcase classname="Pytest.test_api" name="test_update_dish_status" time="2.046" /><testcase classname="Pytest.test_api" name="test_register_user" time="2.031" /><testcase classname="Pytest.test_api" name="test_search_restaurant" time="2.046" /><testcase classname="Pytest.test_api" name="test_place_order" time="2.039" /><testcase classname="Pytest.test_api" name="test_submit_rating" time="2.040" /><testcase classname="Pytest.test_api" name="test_view_admin_feedback" time="2.044" /><testcase classname="Pytest.test_api" name="test_delete_dish" time="2.043" /><testcase classname="Pytest.test_api" name="test_delete_restaurant" time="2.033" /></testsuite></testsuites>